CRITICAL - 2022-03-30 17:24:36 --> syntax error, unexpected token "return"
#0 C:\xampp\htdocs\crudCode\system\Autoloader\Autoloader.php(241): CodeIgniter\Autoloader\Autoloader->includeFile('C:\\xampp\\htdocs...')
#1 C:\xampp\htdocs\crudCode\system\Autoloader\Autoloader.php(219): CodeIgniter\Autoloader\Autoloader->loadInNamespace('App\\Controllers...')
#2 [internal function]: CodeIgniter\Autoloader\Autoloader->loadClass('App\\Controllers...')
#3 C:\xampp\htdocs\crudCode\system\CodeIgniter.php(797): class_exists('\\App\\Controller...', true)
#4 C:\xampp\htdocs\crudCode\system\CodeIgniter.php(406): CodeIgniter\CodeIgniter->startController()
#5 C:\xampp\htdocs\crudCode\system\CodeIgniter.php(326): CodeIgniter\CodeIgniter->handleRequest(NULL, Object(Config\Cache), false)
#6 C:\xampp\htdocs\crudCode\index.php(37): CodeIgniter\CodeIgniter->run()
#7 {main}
CRITICAL - 2022-03-30 17:25:13 --> syntax error, unexpected token ";", expecting "]"
#0 C:\xampp\htdocs\crudCode\system\Autoloader\Autoloader.php(241): CodeIgniter\Autoloader\Autoloader->includeFile('C:\\xampp\\htdocs...')
#1 C:\xampp\htdocs\crudCode\system\Autoloader\Autoloader.php(219): CodeIgniter\Autoloader\Autoloader->loadInNamespace('App\\Controllers...')
#2 [internal function]: CodeIgniter\Autoloader\Autoloader->loadClass('App\\Controllers...')
#3 C:\xampp\htdocs\crudCode\system\CodeIgniter.php(797): class_exists('\\App\\Controller...', true)
#4 C:\xampp\htdocs\crudCode\system\CodeIgniter.php(406): CodeIgniter\CodeIgniter->startController()
#5 C:\xampp\htdocs\crudCode\system\CodeIgniter.php(326): CodeIgniter\CodeIgniter->handleRequest(NULL, Object(Config\Cache), false)
#6 C:\xampp\htdocs\crudCode\index.php(37): CodeIgniter\CodeIgniter->run()
#7 {main}
CRITICAL - 2022-03-30 17:27:05 --> syntax error, unexpected namespaced name "App\Models"
#0 C:\xampp\htdocs\crudCode\system\Autoloader\Autoloader.php(241): CodeIgniter\Autoloader\Autoloader->includeFile('C:\\xampp\\htdocs...')
#1 C:\xampp\htdocs\crudCode\system\Autoloader\Autoloader.php(219): CodeIgniter\Autoloader\Autoloader->loadInNamespace('App\\Models\\Crud...')
#2 C:\xampp\htdocs\crudCode\app\Controllers\Crud.php(8): CodeIgniter\Autoloader\Autoloader->loadClass('App\\Models\\Crud...')
#3 C:\xampp\htdocs\crudCode\system\CodeIgniter.php(832): App\Controllers\Crud->index()
#4 C:\xampp\htdocs\crudCode\system\CodeIgniter.php(419): CodeIgniter\CodeIgniter->runController(Object(App\Controllers\Crud))
#5 C:\xampp\htdocs\crudCode\system\CodeIgniter.php(326): CodeIgniter\CodeIgniter->handleRequest(NULL, Object(Config\Cache), false)
#6 C:\xampp\htdocs\crudCode\index.php(37): CodeIgniter\CodeIgniter->run()
#7 {main}
CRITICAL - 2022-03-30 17:27:47 --> syntax error, unexpected namespaced name "App\Models"
#0 C:\xampp\htdocs\crudCode\system\Autoloader\Autoloader.php(241): CodeIgniter\Autoloader\Autoloader->includeFile('C:\\xampp\\htdocs...')
#1 C:\xampp\htdocs\crudCode\system\Autoloader\Autoloader.php(219): CodeIgniter\Autoloader\Autoloader->loadInNamespace('App\\Models\\Crud...')
#2 C:\xampp\htdocs\crudCode\app\Controllers\Crud.php(8): CodeIgniter\Autoloader\Autoloader->loadClass('App\\Models\\Crud...')
#3 C:\xampp\htdocs\crudCode\system\CodeIgniter.php(832): App\Controllers\Crud->index()
#4 C:\xampp\htdocs\crudCode\system\CodeIgniter.php(419): CodeIgniter\CodeIgniter->runController(Object(App\Controllers\Crud))
#5 C:\xampp\htdocs\crudCode\system\CodeIgniter.php(326): CodeIgniter\CodeIgniter->handleRequest(NULL, Object(Config\Cache), false)
#6 C:\xampp\htdocs\crudCode\index.php(37): CodeIgniter\CodeIgniter->run()
#7 {main}
CRITICAL - 2022-03-30 17:29:00 --> syntax error, unexpected namespaced name "App\Models"
#0 C:\xampp\htdocs\crudCode\system\Autoloader\Autoloader.php(241): CodeIgniter\Autoloader\Autoloader->includeFile('C:\\xampp\\htdocs...')
#1 C:\xampp\htdocs\crudCode\system\Autoloader\Autoloader.php(219): CodeIgniter\Autoloader\Autoloader->loadInNamespace('App\\Models\\Crud...')
#2 C:\xampp\htdocs\crudCode\app\Controllers\Crud.php(8): CodeIgniter\Autoloader\Autoloader->loadClass('App\\Models\\Crud...')
#3 C:\xampp\htdocs\crudCode\system\CodeIgniter.php(832): App\Controllers\Crud->index()
#4 C:\xampp\htdocs\crudCode\system\CodeIgniter.php(419): CodeIgniter\CodeIgniter->runController(Object(App\Controllers\Crud))
#5 C:\xampp\htdocs\crudCode\system\CodeIgniter.php(326): CodeIgniter\CodeIgniter->handleRequest(NULL, Object(Config\Cache), false)
#6 C:\xampp\htdocs\crudCode\index.php(37): CodeIgniter\CodeIgniter->run()
#7 {main}
