CRITICAL - 2022-04-01 16:17:32 --> Undefined array key "inombre"
#0 C:\xampp\htdocs\crudCode\app\Views\actualizar.php(3): CodeIgniter\Debug\Exceptions->errorHandler(2, 'Undefined array...', 'C:\\xampp\\htdocs...', 3)
#1 C:\xampp\htdocs\crudCode\system\View\View.php(210): include('C:\\xampp\\htdocs...')
#2 C:\xampp\htdocs\crudCode\system\View\View.php(213): CodeIgniter\View\View->CodeIgniter\View\{closure}()
#3 C:\xampp\htdocs\crudCode\system\Common.php(1089): CodeIgniter\View\View->render('actualizar', Array, true)
#4 C:\xampp\htdocs\crudCode\app\Controllers\Crud.php(46): view('actualizar', Array)
#5 C:\xampp\htdocs\crudCode\system\CodeIgniter.php(832): App\Controllers\Crud->obtenerNombre('1')
#6 C:\xampp\htdocs\crudCode\system\CodeIgniter.php(419): CodeIgniter\CodeIgniter->runController(Object(App\Controllers\Crud))
#7 C:\xampp\htdocs\crudCode\system\CodeIgniter.php(326): CodeIgniter\CodeIgniter->handleRequest(NULL, Object(Config\Cache), false)
#8 C:\xampp\htdocs\crudCode\index.php(37): CodeIgniter\CodeIgniter->run()
#9 {main}
CRITICAL - 2022-04-01 17:35:10 --> syntax error, unexpected variable "$Crud"
#0 C:\xampp\htdocs\crudCode\system\Autoloader\Autoloader.php(241): CodeIgniter\Autoloader\Autoloader->includeFile('C:\\xampp\\htdocs...')
#1 C:\xampp\htdocs\crudCode\system\Autoloader\Autoloader.php(219): CodeIgniter\Autoloader\Autoloader->loadInNamespace('App\\Controllers...')
#2 [internal function]: CodeIgniter\Autoloader\Autoloader->loadClass('App\\Controllers...')
#3 C:\xampp\htdocs\crudCode\system\CodeIgniter.php(797): class_exists('\\App\\Controller...', true)
#4 C:\xampp\htdocs\crudCode\system\CodeIgniter.php(406): CodeIgniter\CodeIgniter->startController()
#5 C:\xampp\htdocs\crudCode\system\CodeIgniter.php(326): CodeIgniter\CodeIgniter->handleRequest(NULL, Object(Config\Cache), false)
#6 C:\xampp\htdocs\crudCode\index.php(37): CodeIgniter\CodeIgniter->run()
#7 {main}
CRITICAL - 2022-04-01 17:36:41 --> Undefined variable $data
#0 C:\xampp\htdocs\crudCode\app\Controllers\Crud.php(45): CodeIgniter\Debug\Exceptions->errorHandler(2, 'Undefined varia...', 'C:\\xampp\\htdocs...', 45)
#1 C:\xampp\htdocs\crudCode\system\CodeIgniter.php(832): App\Controllers\Crud->actualizar()
#2 C:\xampp\htdocs\crudCode\system\CodeIgniter.php(419): CodeIgniter\CodeIgniter->runController(Object(App\Controllers\Crud))
#3 C:\xampp\htdocs\crudCode\system\CodeIgniter.php(326): CodeIgniter\CodeIgniter->handleRequest(NULL, Object(Config\Cache), false)
#4 C:\xampp\htdocs\crudCode\index.php(37): CodeIgniter\CodeIgniter->run()
#5 {main}
CRITICAL - 2022-04-01 17:44:57 --> You must set the database table to be used with your query.
#0 C:\xampp\htdocs\crudCode\system\Model.php(545): CodeIgniter\Database\BaseConnection->table(NULL)
#1 C:\xampp\htdocs\crudCode\system\Model.php(722): CodeIgniter\Model->builder()
#2 C:\xampp\htdocs\crudCode\app\Controllers\Crud.php(45): CodeIgniter\Model->__call('actualizar', Array)
#3 C:\xampp\htdocs\crudCode\system\CodeIgniter.php(832): App\Controllers\Crud->actualizar()
#4 C:\xampp\htdocs\crudCode\system\CodeIgniter.php(419): CodeIgniter\CodeIgniter->runController(Object(App\Controllers\Crud))
#5 C:\xampp\htdocs\crudCode\system\CodeIgniter.php(326): CodeIgniter\CodeIgniter->handleRequest(NULL, Object(Config\Cache), false)
#6 C:\xampp\htdocs\crudCode\index.php(37): CodeIgniter\CodeIgniter->run()
#7 {main}
CRITICAL - 2022-04-01 17:45:24 --> You must set the database table to be used with your query.
#0 C:\xampp\htdocs\crudCode\system\Model.php(545): CodeIgniter\Database\BaseConnection->table(NULL)
#1 C:\xampp\htdocs\crudCode\system\Model.php(722): CodeIgniter\Model->builder()
#2 C:\xampp\htdocs\crudCode\app\Controllers\Crud.php(45): CodeIgniter\Model->__call('actualizar', Array)
#3 C:\xampp\htdocs\crudCode\system\CodeIgniter.php(832): App\Controllers\Crud->actualizar()
#4 C:\xampp\htdocs\crudCode\system\CodeIgniter.php(419): CodeIgniter\CodeIgniter->runController(Object(App\Controllers\Crud))
#5 C:\xampp\htdocs\crudCode\system\CodeIgniter.php(326): CodeIgniter\CodeIgniter->handleRequest(NULL, Object(Config\Cache), false)
#6 C:\xampp\htdocs\crudCode\index.php(37): CodeIgniter\CodeIgniter->run()
#7 {main}
CRITICAL - 2022-04-01 17:47:49 --> You must set the database table to be used with your query.
#0 C:\xampp\htdocs\crudCode\system\Model.php(545): CodeIgniter\Database\BaseConnection->table(NULL)
#1 C:\xampp\htdocs\crudCode\system\Model.php(722): CodeIgniter\Model->builder()
#2 C:\xampp\htdocs\crudCode\app\Controllers\Crud.php(45): CodeIgniter\Model->__call('actualizar', Array)
#3 C:\xampp\htdocs\crudCode\system\CodeIgniter.php(832): App\Controllers\Crud->actualizar()
#4 C:\xampp\htdocs\crudCode\system\CodeIgniter.php(419): CodeIgniter\CodeIgniter->runController(Object(App\Controllers\Crud))
#5 C:\xampp\htdocs\crudCode\system\CodeIgniter.php(326): CodeIgniter\CodeIgniter->handleRequest(NULL, Object(Config\Cache), false)
#6 C:\xampp\htdocs\crudCode\index.php(37): CodeIgniter\CodeIgniter->run()
#7 {main}
CRITICAL - 2022-04-01 17:51:16 --> You must set the database table to be used with your query.
#0 C:\xampp\htdocs\crudCode\system\Model.php(545): CodeIgniter\Database\BaseConnection->table(NULL)
#1 C:\xampp\htdocs\crudCode\system\Model.php(722): CodeIgniter\Model->builder()
#2 C:\xampp\htdocs\crudCode\app\Controllers\Crud.php(45): CodeIgniter\Model->__call('actualizar', Array)
#3 C:\xampp\htdocs\crudCode\system\CodeIgniter.php(832): App\Controllers\Crud->actualizar()
#4 C:\xampp\htdocs\crudCode\system\CodeIgniter.php(419): CodeIgniter\CodeIgniter->runController(Object(App\Controllers\Crud))
#5 C:\xampp\htdocs\crudCode\system\CodeIgniter.php(326): CodeIgniter\CodeIgniter->handleRequest(NULL, Object(Config\Cache), false)
#6 C:\xampp\htdocs\crudCode\index.php(37): CodeIgniter\CodeIgniter->run()
#7 {main}
CRITICAL - 2022-04-01 18:06:53 --> You must set the database table to be used with your query.
#0 C:\xampp\htdocs\crudCode\system\Model.php(545): CodeIgniter\Database\BaseConnection->table(NULL)
#1 C:\xampp\htdocs\crudCode\system\Model.php(722): CodeIgniter\Model->builder()
#2 C:\xampp\htdocs\crudCode\app\Controllers\Crud.php(45): CodeIgniter\Model->__call('actualizar', Array)
#3 C:\xampp\htdocs\crudCode\system\CodeIgniter.php(832): App\Controllers\Crud->actualizar()
#4 C:\xampp\htdocs\crudCode\system\CodeIgniter.php(419): CodeIgniter\CodeIgniter->runController(Object(App\Controllers\Crud))
#5 C:\xampp\htdocs\crudCode\system\CodeIgniter.php(326): CodeIgniter\CodeIgniter->handleRequest(NULL, Object(Config\Cache), false)
#6 C:\xampp\htdocs\crudCode\index.php(37): CodeIgniter\CodeIgniter->run()
#7 {main}
CRITICAL - 2022-04-01 18:11:25 --> You must set the database table to be used with your query.
#0 C:\xampp\htdocs\crudCode\system\Model.php(545): CodeIgniter\Database\BaseConnection->table(NULL)
#1 C:\xampp\htdocs\crudCode\system\Model.php(722): CodeIgniter\Model->builder()
#2 C:\xampp\htdocs\crudCode\app\Controllers\Crud.php(45): CodeIgniter\Model->__call('actualizar', Array)
#3 C:\xampp\htdocs\crudCode\system\CodeIgniter.php(832): App\Controllers\Crud->actualizar()
#4 C:\xampp\htdocs\crudCode\system\CodeIgniter.php(419): CodeIgniter\CodeIgniter->runController(Object(App\Controllers\Crud))
#5 C:\xampp\htdocs\crudCode\system\CodeIgniter.php(326): CodeIgniter\CodeIgniter->handleRequest(NULL, Object(Config\Cache), false)
#6 C:\xampp\htdocs\crudCode\index.php(37): CodeIgniter\CodeIgniter->run()
#7 {main}
CRITICAL - 2022-04-01 18:30:17 --> You must set the database table to be used with your query.
#0 C:\xampp\htdocs\crudCode\system\Model.php(545): CodeIgniter\Database\BaseConnection->table(NULL)
#1 C:\xampp\htdocs\crudCode\system\Model.php(722): CodeIgniter\Model->builder()
#2 C:\xampp\htdocs\crudCode\app\Controllers\Crud.php(45): CodeIgniter\Model->__call('actualizar', Array)
#3 C:\xampp\htdocs\crudCode\system\CodeIgniter.php(832): App\Controllers\Crud->actualizar()
#4 C:\xampp\htdocs\crudCode\system\CodeIgniter.php(419): CodeIgniter\CodeIgniter->runController(Object(App\Controllers\Crud))
#5 C:\xampp\htdocs\crudCode\system\CodeIgniter.php(326): CodeIgniter\CodeIgniter->handleRequest(NULL, Object(Config\Cache), false)
#6 C:\xampp\htdocs\crudCode\index.php(37): CodeIgniter\CodeIgniter->run()
#7 {main}
